commit e52d98c6a37fdd71bb108407e102de07eb37a577
Merge: 61ac9e7 47c9963
Author: Sung Won An <sa579@cornell.edu>
Date:   Sun Feb 21 23:41:36 2016 -0500

    Merge branch 'master' of https://github.com/juhee0202/CS4120

commit 47c9963766d814171d05a22eda37766547a1d6fd
Author: ttl33 <ttl33@cornell.edu>
Date:   Sun Feb 21 23:41:36 2016 -0500

    yo

commit 61ac9e765ab011b7caf034f58a87d9c33bdba1e3
Author: Sung Won An <sa579@cornell.edu>
Date:   Sun Feb 21 23:41:29 2016 -0500

    added values to terminals

commit 4837c9d07f38c340af26a7206014f5649afc4fea
Author: ttl33 <ttl33@cornell.edu>
Date:   Sun Feb 21 23:11:14 2016 -0500

    yo

commit 69ff35e06450fbca56aa79561550a744f8e4d8bc
Author: ttl33 <ttl33@cornell.edu>
Date:   Sun Feb 21 22:37:57 2016 -0500

    almostt

commit 28b5afd351a629a8585bd028bcb636fabb6df7a8
Merge: 5ed068c 36b56ad
Author: ttl33 <ttl33@cornell.edu>
Date:   Sun Feb 21 20:36:37 2016 -0500

    almost

commit 5ed068c3912c1e7f38ea4019bad101d0e23799e4
Author: ttl33 <ttl33@cornell.edu>
Date:   Sun Feb 21 20:32:17 2016 -0500

    yo

commit 36b56ad8a6db253c163933375407b7873c7dcd32
Author: Sung Won An <sa579@cornell.edu>
Date:   Sun Feb 21 20:25:17 2016 -0500

    xic script

commit b9e09dd2ba64669ed2eb59817fd009da38b03af7
Author: ttl33 <ttl33@cornell.edu>
Date:   Sun Feb 21 18:53:47 2016 -0500

    minor fix

commit a96396f60b889fdc34113cd80fad591e502e4ba7
Author: ttl33 <ttl33@cornell.edu>
Date:   Sun Feb 21 18:43:08 2016 -0500

    commandline

commit c58a6f7ae3d9b40a0c5ee1ba350d24c8c4782a7c
Author: ttl33 <ttl33@cornell.edu>
Date:   Sun Feb 21 17:36:33 2016 -0500

    yo

commit f06ea3a76bb4b571fe7daa240d55891676e35e3a
Author: ttl33 <ttl33@cornell.edu>
Date:   Sun Feb 21 17:35:16 2016 -0500

    commit

commit c3baf1c6c3a4370cfb01f6a6d75cc611cedeef0f
Merge: b3bd752 96bfa6b
Author: ttl33 <ttl33@cornell.edu>
Date:   Sun Feb 21 08:36:37 2016 -0500

    almost

commit b3bd7520a888b9d124446232cc22f983d07e2ab7
Merge: 5165ff5 3975e2e
Author: ttl33 <ttl33@cornell.edu>
Date:   Sun Feb 21 03:31:59 2016 -0500

    commit before merge

commit 96bfa6b22a6977c7f6bf9d17221b3136f156a32e
Author: Sung Won An <sa579@cornell.edu>
Date:   Sun Feb 21 03:31:11 2016 -0500

    strings

commit 5165ff5d8703f5fb345d8873827194059513905f
Author: ttl33 <ttl33@cornell.edu>
Date:   Sun Feb 21 02:48:19 2016 -0500

    .gitignore

commit 3975e2e6ad2e3045696ebad925fc6314a81bf8d7
Author: filthydoughboy <jp882@cornell.edu>
Date:   Sun Feb 21 07:47:28 2016 +0000

    woops

commit 6108f263326bbb05d6bc6e09b95d19d5780c201c
Author: filthydoughboy <jp882@cornell.edu>
Date:   Sun Feb 21 07:45:48 2016 +0000

    FIXED THIS GARBAGE

commit 5a5ac8c1ffe36762af33820177fc0197168be030
Author: filthydoughboy <jp882@cornell.edu>
Date:   Sun Feb 21 00:27:46 2016 -0500

    fixes

commit 8a094acebadf85c599e2f1cfdff02478a6af15ea
Author: filthydoughboy <jp882@cornell.edu>
Date:   Sun Feb 21 00:27:00 2016 -0500

    fixes

commit e1a6424711a76afdebc94932bded605b54c1d41b
Author: filthydoughboy <jp882@cornell.edu>
Date:   Sun Feb 21 00:25:39 2016 -0500

    fixes

commit 1941b3fda9ba8071f642bd218f411fd037cdbc77
Author: filthydoughboy <jp882@cornell.edu>
Date:   Sun Feb 21 00:22:25 2016 -0500

    got actions

commit 7f473dfeec3e5533f23a9ed58299a40a0494815e
Author: filthydoughboy <jp882@cornell.edu>
Date:   Sat Feb 20 21:05:00 2016 -0500

    actions cup

commit 3d73ea83d93ca313f89bc88e53b1dd53b1f8076e
Author: Ju Hee Lee <juhee0202@gmail.com>
Date:   Sat Feb 20 21:00:25 2016 -0500

    removed wrong ast dir

commit 47cde98983e9944e53d3020a84300866e94f2948
Author: ttl33 <ttl33@cornell.edu>
Date:   Sat Feb 20 20:55:29 2016 -0500

    commit

commit b1d087af406f5706a6020bcc193fe6ff9221e2b7
Author: Sung Won An <sa579@cornell.edu>
Date:   Sat Feb 20 17:15:29 2016 -0500

    ast

commit 1c09185872a1c8137f017bc9a0c0589a247c3e9c
Author: Sung Won An <sa579@cornell.edu>
Date:   Sat Feb 20 17:12:20 2016 -0500

    project file system rework

commit 6f2bbb7725c66a9ce1eac8de36b694ade6f88dfa
Merge: 0ec9dfd d0c9d71
Author: ttl33 <ttl33@cornell.edu>
Date:   Sat Feb 20 15:32:07 2016 -0500

    merge

commit 0ec9dfd3cfec7b7a008878e84a80cfb19118f226
Author: ttl33 <ttl33@cornell.edu>
Date:   Sat Feb 20 15:31:15 2016 -0500

    commit before merge

commit 23059e3deff0c623c4d69342f7ba934d74aa4411
Author: ttl33 <ttl33@cornell.edu>
Date:   Sat Feb 20 15:30:30 2016 -0500

    xi.cup

commit d0c9d71eaac9bddada7644f5f933c3fe63d3821d
Author: Ju Hee Lee <juhee0202@gmail.com>
Date:   Sat Feb 20 13:05:45 2016 -0500

    parse added

commit 1176d56bcccdddce105e2e22040ddff76f7b6285
Author: ttl33 <ttl33@cornell.edu>
Date:   Sat Feb 20 12:22:05 2016 -0500

    xi.cup compiles without error but its prolly wrong haha

commit 819ddb45dcda54814551bc3a158d64bf8c30bf00
Author: filthydoughboy <jp882@cornell.edu>
Date:   Sat Feb 20 16:00:54 2016 +0000

    fixed minor cup errors

commit b1f8f5a669636b8d82b2e442e5ff2c7d268f518e
Merge: 137bb35 12360e8
Author: ttl33 <ttl33@cornell.edu>
Date:   Sat Feb 20 10:59:36 2016 -0500

    small edits

commit 137bb3568595b9d0979a163710807f09c8cc2a14
Author: ttl33 <ttl33@cornell.edu>
Date:   Sat Feb 20 10:59:22 2016 -0500

    small edits

commit 12360e8b4ce4a58af71269b7c9e22c1a501daed9
Author: filthydoughboy <jp882@cornell.edu>
Date:   Sat Feb 20 15:57:01 2016 +0000

    aaa

commit c7edb0cd62f893cf56b56808e65de3951021fbd1
Merge: df8fd24 a9d725c
Author: ttl33 <ttl33@cornell.edu>
Date:   Fri Feb 19 23:15:10 2016 -0500

    merge

commit df8fd2499f5e0228af6ded6c463355a63fb587a6
Author: ttl33 <ttl33@cornell.edu>
Date:   Fri Feb 19 23:13:58 2016 -0500

    commit before merge

commit a9d725cd5a820c31a0645a134fd0bf1c04d80677
Author: Sung Won An <sa579@cornell.edu>
Date:   Fri Feb 19 23:11:08 2016 -0500

    juhee commit

commit 8c0cd87dcb10ee6fee447d1e622e9ce81ce8ac40
Merge: 4399101 982e189
Author: Sung Won An <sa579@cornell.edu>
Date:   Fri Feb 19 21:19:50 2016 -0500

    Merge branch 'master' of https://github.com/juhee0202/CS4120

commit 43991010ac28dc1d364a3eaf1ef0fe617a9c01dd
Author: Sung Won An <sa579@cornell.edu>
Date:   Fri Feb 19 21:19:42 2016 -0500

    added function stuff

commit 982e18911f5fb5efd55049972928015aa7814af4
Author: Ju Hee Lee <juhee0202@gmail.com>
Date:   Fri Feb 19 20:33:58 2016 -0500

    astree

commit 7aa6d71f83f1f95c84ce59620cdf30038dfc9bd5
Author: ttl33 <ttl33@cornell.edu>
Date:   Fri Feb 19 19:55:43 2016 -0500

    stmt started & editted prev grammar

commit fc9cec6db3c43bc23091f1ad5b3e7f4bd6a7297a
Author: ttl33 <ttl33@cornell.edu>
Date:   Fri Feb 19 19:21:23 2016 -0500

    array_element added ex. a[3]

commit 2c315b66025af02cf032aed4146343471156e421
Author: ttl33 <ttl33@cornell.edu>
Date:   Fri Feb 19 19:10:32 2016 -0500

    added array literal

commit 6cd520248de51f9cf47047f6827ebf85f78ebd7f
Author: ttl33 <ttl33@cornell.edu>
Date:   Fri Feb 19 18:54:43 2016 -0500

    xi_thomas.cup

commit a7ea66fe268514304d492005e77f1921625745e2
Author: Sung Won An <sa579@cornell.edu>
Date:   Fri Feb 19 15:28:50 2016 -0500

    changes to flex and symbols

commit 9684dc00d57e51c9439ddb1f134a6a8b0a9602e2
Author: Sung Won An <sa579@cornell.edu>
Date:   Thu Feb 18 23:56:04 2016 -0500

    first try

commit ade7666398bb1d20040d34fd66ba8914d8d8b4cd
Author: Sung Won An <sa579@cornell.edu>
Date:   Thu Feb 18 22:22:27 2016 -0500

    variable decl

commit 28cb6cc8d7abceee22577ba4090681bdd9856b49
Author: ttl33 <ttl33@cornell.edu>
Date:   Thu Feb 18 21:46:50 2016 -0500

    release file updated

commit 91f5357d59aec8a035cd78290c9b21f79d3c5c2a
Author: ttl33 <ttl33@cornell.edu>
Date:   Mon Feb 15 13:29:10 2016 -0500

    PA2 = PA1 + starterCode

commit 7c0d64c72a247acecd9c95de07d9957110c00e75
Author: ttl33 <ttl33@cornell.edu>
Date:   Mon Feb 15 13:23:34 2016 -0500

    random files

commit 10fd69b5b35d4346ac1cb5d3d0b3c7d9a394fa09
Author: ttl33 <ttl33@cornell.edu>
Date:   Tue Feb 9 00:44:10 2016 -0500

    new zip

commit 65347f71844a224129d65eeb68c8cfcc6e367eb5
Author: ttl33 <ttl33@cornell.edu>
Date:   Tue Feb 9 00:40:46 2016 -0500

    new zip

commit 648d27807e8a987572192497441277e281805fd3
Author: Jonathan Park <jp882@cornell.edu>
Date:   Tue Feb 9 00:31:18 2016 -0500

    hopefully

commit a428cc05265be9c827f72b8e8478212244da5156
Merge: 4ca0199 f8217f7
Author: Sung Won An <sa579@cornell.edu>
Date:   Tue Feb 9 00:13:10 2016 -0500

    Merge branch 'master' of https://github.com/juhee0202/CS4120

commit 4ca01995dc195f36ceb6d572eae4560db16869da
Author: Sung Won An <sa579@cornell.edu>
Date:   Tue Feb 9 00:12:14 2016 -0500

    fixed row/col num

commit f8217f7faa1466e69d04c95f80339680ad648d66
Author: ttl33 <ttl33@cornell.edu>
Date:   Mon Feb 8 23:57:25 2016 -0500

    zip folder added

commit c54c2c7abdb524210c5cf7609b46b006b1f14862
Merge: 8d4f8bc 131da63
Author: ttl33 <ttl33@cornell.edu>
Date:   Mon Feb 8 23:48:15 2016 -0500

    xic modified

commit 8d4f8bc75d178321c2e59e28f4e96d82aba86809
Author: ttl33 <ttl33@cornell.edu>
Date:   Mon Feb 8 23:45:36 2016 -0500

    commit before merge

commit 131da63420404390fae08d54f5acfd1ae715d9be
Author: Jonathan Park <jp882@cornell.edu>
Date:   Mon Feb 8 23:44:11 2016 -0500

    safe submission

commit 98e0dd1dab827f00d7b77f11032b62736295133c
Author: Jonathan Park <jp882@cornell.edu>
Date:   Mon Feb 8 23:43:17 2016 -0500

    fixed some errors

commit eed249009e5a80e8406a38f2b47f76160a02cb9c
Author: Sung Won An <sa579@cornell.edu>
Date:   Mon Feb 8 23:30:00 2016 -0500

    fixed string lengths

commit 396fe99323547ed7a09d09b55c51a760255cc654
Author: Sung Won An <sa579@cornell.edu>
Date:   Mon Feb 8 23:27:23 2016 -0500

    added underscore and fixed string lengths

commit ff6dc20c0f2d23cd92750a461d09f259c4d32064
Author: Sung Won An <sa579@cornell.edu>
Date:   Mon Feb 8 23:08:22 2016 -0500

    column number fix

commit ce9a586f3a9968afc72bca7fec0ddb025cb87d35
Merge: c16a36f a09dd0e
Author: ttl33 <ttl33@cornell.edu>
Date:   Mon Feb 8 22:44:54 2016 -0500

    zip folder created

commit 5bde718cd4a8a1ce0b7d83dc06783949b32f5375
Merge: 32df87d 7b54601
Author: Sung Won An <sa579@cornell.edu>
Date:   Mon Feb 8 22:44:43 2016 -0500

    Merge branch 'master' of https://github.com/juhee0202/CS4120

commit 32df87d482ae79402f19e791a2bcd48ebfba6c41
Author: Sung Won An <sa579@cornell.edu>
Date:   Mon Feb 8 22:44:37 2016 -0500

    fixes

commit 7b5460125367fa6b7593e222bf022e79bac1a3ee
Author: Jonathan Park <jp882@cornell.edu>
Date:   Mon Feb 8 22:41:16 2016 -0500

    git sucks

commit 4a6981ae6d8206f8381348eefd113cebc05e1f68
Author: Sung Won An <sa579@cornell.edu>
Date:   Mon Feb 8 22:31:26 2016 -0500

    fixes: length and identifiers

commit c16a36f42fcaa14e2c71e05252c6458794d528ac
Author: ttl33 <ttl33@cornell.edu>
Date:   Mon Feb 8 22:19:53 2016 -0500

    xic script

commit a09dd0ed6b7fdc6f20786905901d3c03cc3baa93
Merge: 7d5c27e 40f33e8
Author: Ju Hee Lee <juhee0202@gmail.com>
Date:   Mon Feb 8 22:03:58 2016 -0500

    merge pls

commit 7d5c27eea3562c160e16267c3d3dbf0465b48c17
Author: Ju Hee Lee <juhee0202@gmail.com>
Date:   Mon Feb 8 22:02:58 2016 -0500

    prints to output file for only lex

commit 40f33e8839b0a9ceafadec592c5ca8a37c2d7ac2
Author: Sung Won An <sa579@cornell.edu>
Date:   Mon Feb 8 22:01:22 2016 -0500

    debug: fixed integer bounds, hex chars

commit 4a5b168536d80b2f015d31efc731e49811d21b73
Author: Sung Won An <sa579@cornell.edu>
Date:   Mon Feb 8 21:28:22 2016 -0500

    used long instead of int

commit 88e4d4fbddbca20c2e4e9340306dc2ff5ab1f4a7
Merge: 943243f d53271b
Author: Sung Won An <sa579@cornell.edu>
Date:   Mon Feb 8 20:18:01 2016 -0500

    Merge branch 'master' of https://github.com/juhee0202/CS4120

commit 943243ff39ff3bafe633e7bd1d9f44a6696c7dcb
Author: Sung Won An <sa579@cornell.edu>
Date:   Mon Feb 8 19:19:16 2016 -0500

    fixed character issue

commit d53271ba0156b3e54763b64d50f12085acd3f89e
Author: ttl33 <ttl33@cornell.edu>
Date:   Mon Feb 8 16:51:08 2016 -0500

    build script modified

commit 22bd5412e2bd71cef63b2eb9daf6a891bac90508
Author: Sung Won An <sa579@cornell.edu>
Date:   Mon Feb 8 16:48:12 2016 -0500

    deleted a comment

commit cdbb8b086c6ba07a3bb1316470902f4b3b7198b4
Merge: 1560148 32d1023
Author: Ju Hee Lee <juhee0202@gmail.com>
Date:   Sun Feb 7 22:56:02 2016 -0500

    finished error prints

commit 156014807da75245048fcbcd9066a2413fd21f17
Author: Ju Hee Lee <juhee0202@gmail.com>
Date:   Sun Feb 7 22:49:15 2016 -0500

    pa1 changed to while loop

commit 32d102372eb8d90cd78e6ca7f1dc1c6d78d2485a
Author: Sung Won An <sa579@cornell.edu>
Date:   Sun Feb 7 22:48:45 2016 -0500

    added specs

commit cff1bfb603033209973e084a6f2319ae6ad298c2
Author: Sung Won An <sa579@cornell.edu>
Date:   Sun Feb 7 22:47:26 2016 -0500

    getters for column and line

commit fc69a477efae247192661563d9395b31d811fa61
Author: Jonathan Park <jp882@cornell.edu>
Date:   Sun Feb 7 22:30:40 2016 -0500

    updted newline characters

commit 812af9c9008affa7e30f87d0a335d553935d2678
Author: Ju Hee Lee <juhee0202@gmail.com>
Date:   Sun Feb 7 22:26:26 2016 -0500

    pushed pa1

commit e50714dac476439f0c469b7e7817cc8deb86ae45
Author: Sung Won An <sa579@cornell.edu>
Date:   Sun Feb 7 21:48:06 2016 -0500

    fixed backslash backslash

commit 3ae570cc10fbfd8d35e837fd0f54a2613c41c4d7
Merge: e700678 7939465
Author: Sung Won An <sa579@cornell.edu>
Date:   Sun Feb 7 21:34:34 2016 -0500

    Merge branch 'master' of https://github.com/juhee0202/CS4120

commit e7006787102fcbe8801366c2271031df41967217
Author: Sung Won An <sa579@cornell.edu>
Date:   Sun Feb 7 21:33:46 2016 -0500

    fixes

commit 793946581eb74dda0f6d90205027c7d66646e3c4
Merge: af02ce4 3d7ccb3
Author: ttl33 <ttl33@cornell.edu>
Date:   Sun Feb 7 21:33:17 2016 -0500

    merge

commit af02ce46c5666b5685384242f3ddb8350d92bbf0
Author: ttl33 <ttl33@cornell.edu>
Date:   Sun Feb 7 21:32:33 2016 -0500

    xic script

commit 3d7ccb398ac4968049a20a22889f33364e145002
Author: Sung Won An <sa579@cornell.edu>
Date:   Sun Feb 7 21:32:03 2016 -0500

    escape char fix

commit 1f44130616b584411740a24894c81e21e24ebc67
Author: Sung Won An <sa579@cornell.edu>
Date:   Sun Feb 7 21:27:22 2016 -0500

    fixed escape chars

commit 3183b0d7ab8079289426ef8949b9492314a79825
Merge: 2a7114f c9cfaec
Author: Sung Won An <sa579@cornell.edu>
Date:   Sun Feb 7 21:23:11 2016 -0500

    Merge branch 'master' of https://github.com/juhee0202/CS4120

commit 2a7114f7b3e250236f9e3670c22145b5be10a15d
Author: Sung Won An <sa579@cornell.edu>
Date:   Sun Feb 7 21:22:52 2016 -0500

    added use

commit c9cfaec1bfc9ddbe055f780a0abafadcf98c47af
Author: ttl33 <ttl33@cornell.edu>
Date:   Sun Feb 7 19:28:44 2016 -0500

    jar issue resolved

commit 625ae99f9d4f4bd88f3a5b7b1bef8014dbb28d26
Merge: 4f48f42 ae20153
Author: ttl33 <ttl33@cornell.edu>
Date:   Sun Feb 7 17:24:04 2016 -0500

    merge conflict resolved

commit 4f48f4251386e76c9cd9621d6adf54c0dd78bda3
Author: ttl33 <ttl33@cornell.edu>
Date:   Sun Feb 7 17:22:19 2016 -0500

    commit before pull

commit ae20153b6b2f6aefddbdb1a35090a1b24781f3ef
Author: Sung Won An <sa579@cornell.edu>
Date:   Sun Feb 7 17:20:17 2016 -0500

    parseHex fix

commit 1948ea72b962eab7aca3c23f1659501a671c6d48
Merge: bf28b5d 5a4c5f6
Author: Ju Hee Lee <juhee0202@gmail.com>
Date:   Sun Feb 7 17:09:20 2016 -0500

    wat merge

commit 5a4c5f66faf79ae5eafeb0200bd3df9e957aeb90
Author: Sung Won An <sa579@cornell.edu>
Date:   Sun Feb 7 17:07:00 2016 -0500

    fixes

commit bf28b5db004ec16efe7f3e8f9c3e2963844a0262
Author: Ju Hee Lee <juhee0202@gmail.com>
Date:   Sun Feb 7 17:05:06 2016 -0500

    try building thomas pls

commit af9596f847bd118b1e6dae5d4e4451173226c96f
Author: Sung Won An <sa579@cornell.edu>
Date:   Sun Feb 7 16:51:29 2016 -0500

    final xi.flex

commit 70c8a1d25c040d40b4e0106f8624f3fe34cd6100
Author: Sung Won An <sa579@cornell.edu>
Date:   Sun Feb 7 16:35:56 2016 -0500

    merge fixes

commit e5f22fe35041b2feae063517ae59eb92bd158d29
Merge: d20d3d3 25e15cd
Author: Sung Won An <sa579@cornell.edu>
Date:   Sun Feb 7 16:33:44 2016 -0500

    Merge branch 'master' of https://github.com/juhee0202/CS4120

commit d20d3d38a4654b881335be648a72bba88d2f89a6
Author: Sung Won An <sa579@cornell.edu>
Date:   Sun Feb 7 16:33:36 2016 -0500

    added int to YYINITIAL

commit 25e15cd25fee0ddae54fe27b9557d3c0177c98cc
Merge: 8bcdec0 a29ebdd
Author: ttl33 <ttl33@cornell.edu>
Date:   Sun Feb 7 16:32:33 2016 -0500

    merge conflict resolved

commit 8bcdec08fec28e9cc7b27b84a59e35f8c24739a7
Author: ttl33 <ttl33@cornell.edu>
Date:   Sun Feb 7 16:31:31 2016 -0500

    modify .flex and build.xml

commit a29ebdd6b826237884dcc47486521bc1fbb29058
Author: Sung Won An <sa579@cornell.edu>
Date:   Sun Feb 7 16:06:41 2016 -0500

    added hex conversion to ascii

commit 4c152adacdc80cb99e4ceaa96b040b4476dd6681
Author: ttl33 <ttl33@cornell.edu>
Date:   Sun Feb 7 15:27:36 2016 -0500

    first commit
